<?xml version="1.0" encoding="UTF-8"?>
<testsuite xmlns:xsi="http://www.w3.org/2001/XMLSchema-instance" xsi:noNamespaceSchemaLocation="https://maven.apache.org/surefire/maven-surefire-plugin/xsd/surefire-test-report.xsd" version="3.0.2" name="com.example.eureka_client.EurekaClientApplicationTests" time="3.698" tests="1" errors="0" skipped="0" failures="0">
  <properties>
[...]
</properties>
  <testcase name="contextLoads" classname="com.example.eureka_client.EurekaClientApplicationTests" time="0.723">
    <system-out><![CDATA[10:33:09.588 [main] INFO org.springframework.test.context.support.AnnotationConfigContextLoaderUtils -- Could not detect default configuration classes for test class [com.example.eureka_client.EurekaClientApplicationTests]: EurekaClientApplicationTests does not declare any static, non-private, non-final, nested classes annotated with @Configuration.
10:33:09.709 [main] INFO org.springframework.boot.test.context.SpringBootTestContextBootstrapper -- Found @SpringBootConfiguration com.example.eureka_client.EurekaClientApplication for test class com.example.eureka_client.EurekaClientApplicationTests

  .   ____          _            __ _ _
 /\\ / ___'_ __ _ _(_)_ __  __ _ \ \ \ \
( ( )\___ | '_ | '_| | '_ \/ _` | \ \ \ \
 \\/  ___)| |_)| | | | | || (_| |  ) ) ) )
  '  |____| .__|_| |_|_| |_\__, | / / / /
 =========|_|==============|___/=/_/_/_/

 :: Spring Boot ::                (v3.5.3)

2025-07-12T10:33:10.285+05:30  INFO 61150 --- [eureka-client] [           main] c.e.e.EurekaClientApplicationTests       : Starting EurekaClientApplicationTests using Java 23.0.2 with PID 61150 (started by rohit.chavan in /Users/rohit.chavan/java-learning/eureka-client)
2025-07-12T10:33:10.286+05:30  INFO 61150 --- [eureka-client] [           main] c.e.e.EurekaClientApplicationTests       : No active profile set, falling back to 1 default profile: "default"
2025-07-12T10:33:11.005+05:30  INFO 61150 --- [eureka-client] [           main] o.s.cloud.context.scope.GenericScope     : BeanFactory id=61fa7e76-ec82-394b-88f4-63274f0e75b2
2025-07-12T10:33:11.717+05:30  INFO 61150 --- [eureka-client] [           main] DiscoveryClientOptionalArgsConfiguration : Eureka HTTP Client uses RestTemplate.
2025-07-12T10:33:11.755+05:30  WARN 61150 --- [eureka-client] [           main] iguration$LoadBalancerCaffeineWarnLogger : Spring Cloud LoadBalancer is currently working with the default cache. While this cache implementation is useful for development and tests, it's recommended to use Caffeine cache in production.You can switch to using Caffeine cache, by adding it and org.springframework.cache.caffeine.CaffeineCacheManager to the classpath.
2025-07-12T10:33:11.780+05:30  INFO 61150 --- [eureka-client] [           main] o.s.c.n.eureka.InstanceInfoFactory       : Setting initial instance status as: STARTING
2025-07-12T10:33:11.806+05:30  INFO 61150 --- [eureka-client] [           main] com.netflix.discovery.DiscoveryClient    : Initializing Eureka in region us-east-1
2025-07-12T10:33:11.810+05:30  INFO 61150 --- [eureka-client] [           main] c.n.d.s.r.aws.ConfigClusterResolver      : Resolving eureka endpoints via configuration
2025-07-12T10:33:11.816+05:30  INFO 61150 --- [eureka-client] [           main] com.netflix.discovery.DiscoveryClient    : Disable delta property : false
2025-07-12T10:33:11.817+05:30  INFO 61150 --- [eureka-client] [           main] com.netflix.discovery.DiscoveryClient    : Single vip registry refresh property : null
2025-07-12T10:33:11.817+05:30  INFO 61150 --- [eureka-client] [           main] com.netflix.discovery.DiscoveryClient    : Force full registry fetch : false
2025-07-12T10:33:11.817+05:30  INFO 61150 --- [eureka-client] [           main] com.netflix.discovery.DiscoveryClient    : Application is null : false
2025-07-12T10:33:11.817+05:30  INFO 61150 --- [eureka-client] [           main] com.netflix.discovery.DiscoveryClient    : Registered Applications size is zero : true
2025-07-12T10:33:11.817+05:30  INFO 61150 --- [eureka-client] [           main] com.netflix.discovery.DiscoveryClient    : Application version is -1: true
2025-07-12T10:33:11.817+05:30  INFO 61150 --- [eureka-client] [           main] com.netflix.discovery.DiscoveryClient    : Getting all instance registry info from the eureka server
2025-07-12T10:33:12.378+05:30  INFO 61150 --- [eureka-client] [           main] com.netflix.discovery.DiscoveryClient    : The response status is 200
2025-07-12T10:33:12.379+05:30  INFO 61150 --- [eureka-client] [           main] com.netflix.discovery.DiscoveryClient    : Starting heartbeat executor: renew interval is: 30
2025-07-12T10:33:12.381+05:30  INFO 61150 --- [eureka-client] [           main] c.n.discovery.InstanceInfoReplicator     : InstanceInfoReplicator onDemand update allowed rate per min is 4
2025-07-12T10:33:12.382+05:30  INFO 61150 --- [eureka-client] [           main] com.netflix.discovery.DiscoveryClient    : Discovery Client initialized at timestamp 1752296592382 with initial instances count: 0
2025-07-12T10:33:12.386+05:30  INFO 61150 --- [eureka-client] [           main] o.s.c.n.e.s.EurekaServiceRegistry        : Registering application EUREKA-CLIENT with eureka with status UP
2025-07-12T10:33:12.387+05:30  INFO 61150 --- [eureka-client] [           main] com.netflix.discovery.DiscoveryClient    : Saw local status change event StatusChangeEvent [timestamp=1752296592387, current=UP, previous=STARTING]
2025-07-12T10:33:12.388+05:30  INFO 61150 --- [eureka-client] [foReplicator-%d] com.netflix.discovery.DiscoveryClient    : DiscoveryClient_EUREKA-CLIENT/192.168.1.6:eureka-client:8081: registering service...
2025-07-12T10:33:12.396+05:30  INFO 61150 --- [eureka-client] [           main] c.e.e.EurekaClientApplicationTests       : Started EurekaClientApplicationTests in 2.383 seconds (process running for 3.488)
2025-07-12T10:33:12.513+05:30  INFO 61150 --- [eureka-client] [foReplicator-%d] com.netflix.discovery.DiscoveryClient    : DiscoveryClient_EUREKA-CLIENT/192.168.1.6:eureka-client:8081 - registration status: 204
]]></system-out>
    <system-err><![CDATA[Mockito is currently self-attaching to enable the inline-mock-maker. This will no longer work in future releases of the JDK. Please add Mockito as an agent to your build as described in Mockito's documentation: https://javadoc.io/doc/org.mockito/mockito-core/latest/org.mockito/org/mockito/Mockito.html#0.3
WARNING: A Java agent has been loaded dynamically (/Users/rohit.chavan/.m2/repository/net/bytebuddy/byte-buddy-agent/1.17.6/byte-buddy-agent-1.17.6.jar)
WARNING: If a serviceability tool is in use, please run with -XX:+EnableDynamicAgentLoading to hide this warning
WARNING: If a serviceability tool is not in use, please run with -Djdk.instrument.traceUsage for more information
WARNING: Dynamic loading of agents will be disallowed by default in a future release
]]></system-err>
  </testcase>
</testsuite>