<?xml version="1.0" encoding="UTF-8"?>
<testsuite xmlns:xsi="http://www.w3.org/2001/XMLSchema-instance" xsi:noNamespaceSchemaLocation="https://maven.apache.org/surefire/maven-surefire-plugin/xsd/surefire-test-report.xsd" version="3.0.2" name="com.example.batchdemo.BatchdemoApplicationTests" time="3.29" tests="1" errors="0" skipped="0" failures="0">
  <properties>
[...]
</properties>
  <testcase name="contextLoads" classname="com.example.batchdemo.BatchdemoApplicationTests" time="0.6">
    <system-out><![CDATA[17:25:42.424 [main] INFO org.springframework.test.context.support.AnnotationConfigContextLoaderUtils -- Could not detect default configuration classes for test class [com.example.batchdemo.BatchdemoApplicationTests]: BatchdemoApplicationTests does not declare any static, non-private, non-final, nested classes annotated with @Configuration.
17:25:42.564 [main] INFO org.springframework.boot.test.context.SpringBootTestContextBootstrapper -- Found @SpringBootConfiguration com.example.batchdemo.BatchdemoApplication for test class com.example.batchdemo.BatchdemoApplicationTests

  .   ____          _            __ _ _
 /\\ / ___'_ __ _ _(_)_ __  __ _ \ \ \ \
( ( )\___ | '_ | '_| | '_ \/ _` | \ \ \ \
 \\/  ___)| |_)| | | | | || (_| |  ) ) ) )
  '  |____| .__|_| |_|_| |_\__, | / / / /
 =========|_|==============|___/=/_/_/_/

 :: Spring Boot ::                (v3.5.4)

2025-08-20T17:25:42.860+05:30  INFO 34815 --- [batchdemo] [           main] c.e.batchdemo.BatchdemoApplicationTests  : Starting BatchdemoApplicationTests using Java 23.0.2 with PID 34815 (started by rohit.chavan in /Users/rohit.chavan/java-learning/batchdemo)
2025-08-20T17:25:42.861+05:30  INFO 34815 --- [batchdemo] [           main] c.e.batchdemo.BatchdemoApplicationTests  : No active profile set, falling back to 1 default profile: "default"
2025-08-20T17:25:43.247+05:30  INFO 34815 --- [batchdemo] [           main] .s.d.r.c.RepositoryConfigurationDelegate : Bootstrapping Spring Data JPA repositories in DEFAULT mode.
2025-08-20T17:25:43.269+05:30  INFO 34815 --- [batchdemo] [           main] .s.d.r.c.RepositoryConfigurationDelegate : Finished Spring Data repository scanning in 11 ms. Found 0 JPA repository interfaces.
2025-08-20T17:25:43.505+05:30  INFO 34815 --- [batchdemo] [           main] com.zaxxer.hikari.HikariDataSource       : HikariPool-1 - Starting...
2025-08-20T17:25:43.690+05:30  INFO 34815 --- [batchdemo] [           main] com.zaxxer.hikari.pool.HikariPool        : HikariPool-1 - Added connection conn0: url=jdbc:h2:mem:testdb user=SA
2025-08-20T17:25:43.691+05:30  INFO 34815 --- [batchdemo] [           main] com.zaxxer.hikari.HikariDataSource       : HikariPool-1 - Start completed.
2025-08-20T17:25:43.821+05:30  INFO 34815 --- [batchdemo] [           main] o.hibernate.jpa.internal.util.LogHelper  : HHH000204: Processing PersistenceUnitInfo [name: default]
2025-08-20T17:25:43.875+05:30  INFO 34815 --- [batchdemo] [           main] org.hibernate.Version                    : HHH000412: Hibernate ORM core version 6.6.22.Final
2025-08-20T17:25:43.905+05:30  INFO 34815 --- [batchdemo] [           main] o.h.c.internal.RegionFactoryInitiator    : HHH000026: Second-level cache disabled
2025-08-20T17:25:44.210+05:30  INFO 34815 --- [batchdemo] [           main] o.s.o.j.p.SpringPersistenceUnitInfo      : No LoadTimeWeaver setup: ignoring JPA class transformer
2025-08-20T17:25:44.299+05:30  INFO 34815 --- [batchdemo] [           main] org.hibernate.orm.connections.pooling    : HHH10001005: Database info:
	Database JDBC URL [Connecting through datasource 'HikariDataSource (HikariPool-1)']
	Database driver: undefined/unknown
	Database version: 2.3.232
	Autocommit mode: undefined/unknown
	Isolation level: undefined/unknown
	Minimum pool size: undefined/unknown
	Maximum pool size: undefined/unknown
2025-08-20T17:25:44.615+05:30  INFO 34815 --- [batchdemo] [           main] o.h.e.t.j.p.i.JtaPlatformInitiator       : HHH000489: No JTA platform available (set 'hibernate.transaction.jta.platform' to enable JTA platform integration)
2025-08-20T17:25:44.620+05:30  INFO 34815 --- [batchdemo] [           main] j.LocalContainerEntityManagerFactoryBean : Initialized JPA EntityManagerFactory for persistence unit 'default'
2025-08-20T17:25:44.875+05:30  INFO 34815 --- [batchdemo] [           main] c.e.batchdemo.BatchdemoApplicationTests  : Started BatchdemoApplicationTests in 2.2 seconds (process running for 2.979)
2025-08-20T17:25:44.877+05:30  INFO 34815 --- [batchdemo] [           main] o.s.b.a.b.JobLauncherApplicationRunner   : Running default command line with: []
2025-08-20T17:25:44.936+05:30  INFO 34815 --- [batchdemo] [           main] o.s.b.c.l.s.TaskExecutorJobLauncher      : Job: [SimpleJob: [name=importUserJob]] launched with the following parameters: [{}]
2025-08-20T17:25:44.958+05:30  INFO 34815 --- [batchdemo] [           main] o.s.batch.core.job.SimpleStepHandler     : Executing step: [step1]
2025-08-20T17:25:44.979+05:30  INFO 34815 --- [batchdemo] [           main] c.example.batchdemo.PersonItemProcessor  : Converting (Person[firstName=Jill, lastName=Doe]) into (Person[firstName=JILL, lastName=DOE])
2025-08-20T17:25:44.980+05:30  INFO 34815 --- [batchdemo] [           main] c.example.batchdemo.PersonItemProcessor  : Converting (Person[firstName=Joe, lastName=Doe]) into (Person[firstName=JOE, lastName=DOE])
2025-08-20T17:25:44.980+05:30  INFO 34815 --- [batchdemo] [           main] c.example.batchdemo.PersonItemProcessor  : Converting (Person[firstName=Justin, lastName=Doe]) into (Person[firstName=JUSTIN, lastName=DOE])
2025-08-20T17:25:44.989+05:30  INFO 34815 --- [batchdemo] [           main] c.example.batchdemo.PersonItemProcessor  : Converting (Person[firstName=Jane, lastName=Doe]) into (Person[firstName=JANE, lastName=DOE])
2025-08-20T17:25:44.989+05:30  INFO 34815 --- [batchdemo] [           main] c.example.batchdemo.PersonItemProcessor  : Converting (Person[firstName=John, lastName=Doe]) into (Person[firstName=JOHN, lastName=DOE])
2025-08-20T17:25:44.992+05:30  INFO 34815 --- [batchdemo] [           main] o.s.batch.core.step.AbstractStep         : Step: [step1] executed in 33ms
2025-08-20T17:25:44.995+05:30  INFO 34815 --- [batchdemo] [           main] c.e.b.JobCompletionNotificationListener  : !!! JOB FINISHED! Time to verify the results
2025-08-20T17:25:44.999+05:30  INFO 34815 --- [batchdemo] [           main] c.e.b.JobCompletionNotificationListener  : Found <Person[firstName=JILL, lastName=DOE]> in the database.
2025-08-20T17:25:44.999+05:30  INFO 34815 --- [batchdemo] [           main] c.e.b.JobCompletionNotificationListener  : Found <Person[firstName=JOE, lastName=DOE]> in the database.
2025-08-20T17:25:44.999+05:30  INFO 34815 --- [batchdemo] [           main] c.e.b.JobCompletionNotificationListener  : Found <Person[firstName=JUSTIN, lastName=DOE]> in the database.
2025-08-20T17:25:44.999+05:30  INFO 34815 --- [batchdemo] [           main] c.e.b.JobCompletionNotificationListener  : Found <Person[firstName=JANE, lastName=DOE]> in the database.
2025-08-20T17:25:44.999+05:30  INFO 34815 --- [batchdemo] [           main] c.e.b.JobCompletionNotificationListener  : Found <Person[firstName=JOHN, lastName=DOE]> in the database.
2025-08-20T17:25:45.002+05:30  INFO 34815 --- [batchdemo] [           main] o.s.b.c.l.s.TaskExecutorJobLauncher      : Job: [SimpleJob: [name=importUserJob]] completed with the following parameters: [{}] and the following status: [COMPLETED] in 50ms
]]></system-out>
    <system-err><![CDATA[Mockito is currently self-attaching to enable the inline-mock-maker. This will no longer work in future releases of the JDK. Please add Mockito as an agent to your build as described in Mockito's documentation: https://javadoc.io/doc/org.mockito/mockito-core/latest/org.mockito/org/mockito/Mockito.html#0.3
WARNING: A Java agent has been loaded dynamically (/Users/rohit.chavan/.m2/repository/net/bytebuddy/byte-buddy-agent/1.17.6/byte-buddy-agent-1.17.6.jar)
WARNING: If a serviceability tool is in use, please run with -XX:+EnableDynamicAgentLoading to hide this warning
WARNING: If a serviceability tool is not in use, please run with -Djdk.instrument.traceUsage for more information
WARNING: Dynamic loading of agents will be disallowed by default in a future release
]]></system-err>
  </testcase>
</testsuite>