<?xml version="1.0" encoding="UTF-8"?>
<testsuite xmlns:xsi="http://www.w3.org/2001/XMLSchema-instance" xsi:noNamespaceSchemaLocation="https://maven.apache.org/surefire/maven-surefire-plugin/xsd/surefire-test-report.xsd" version="3.0.2" name="com.example.scheduling_tasks.SchedulingTasksApplicationTests" time="1.613" tests="1" errors="0" skipped="0" failures="0">
  <properties>
[...]
</properties>
  <testcase name="contextLoads" classname="com.example.scheduling_tasks.SchedulingTasksApplicationTests" time="0.667">
    <system-out><![CDATA[14:21:09.768 [main] INFO org.springframework.test.context.support.AnnotationConfigContextLoaderUtils -- Could not detect default configuration classes for test class [com.example.scheduling_tasks.SchedulingTasksApplicationTests]: SchedulingTasksApplicationTests does not declare any static, non-private, non-final, nested classes annotated with @Configuration.
14:21:09.875 [main] INFO org.springframework.boot.test.context.SpringBootTestContextBootstrapper -- Found @SpringBootConfiguration com.example.scheduling_tasks.SchedulingTasksApplication for test class com.example.scheduling_tasks.SchedulingTasksApplicationTests

  .   ____          _            __ _ _
 /\\ / ___'_ __ _ _(_)_ __  __ _ \ \ \ \
( ( )\___ | '_ | '_| | '_ \/ _` | \ \ \ \
 \\/  ___)| |_)| | | | | || (_| |  ) ) ) )
  '  |____| .__|_| |_|_| |_\__, | / / / /
 =========|_|==============|___/=/_/_/_/

 :: Spring Boot ::                (v3.5.5)

2025-09-10T14:21:10.208+05:30  INFO 96232 --- [scheduling-tasks] [           main] c.e.s.SchedulingTasksApplicationTests    : Starting SchedulingTasksApplicationTests using Java 24.0.2 with PID 96232 (started by rohit.chavan in /Users/rohit.chavan/java-learning/scheduling-tasks)
2025-09-10T14:21:10.209+05:30  INFO 96232 --- [scheduling-tasks] [           main] c.e.s.SchedulingTasksApplicationTests    : No active profile set, falling back to 1 default profile: "default"
2025-09-10T14:21:10.589+05:30  INFO 96232 --- [scheduling-tasks] [           main] c.e.s.SchedulingTasksApplicationTests    : Started SchedulingTasksApplicationTests in 0.578 seconds (process running for 1.411)
2025-09-10T14:21:10.592+05:30  INFO 96232 --- [scheduling-tasks] [   scheduling-1] c.e.scheduling_tasks.ScheduledTasks      : The time is now 14:21:10
]]></system-out>
    <system-err><![CDATA[Mockito is currently self-attaching to enable the inline-mock-maker. This will no longer work in future releases of the JDK. Please add Mockito as an agent to your build as described in Mockito's documentation: https://javadoc.io/doc/org.mockito/mockito-core/latest/org.mockito/org/mockito/Mockito.html#0.3
WARNING: A Java agent has been loaded dynamically (/Users/rohit.chavan/.m2/repository/net/bytebuddy/byte-buddy-agent/1.17.7/byte-buddy-agent-1.17.7.jar)
WARNING: If a serviceability tool is in use, please run with -XX:+EnableDynamicAgentLoading to hide this warning
WARNING: If a serviceability tool is not in use, please run with -Djdk.instrument.traceUsage for more information
WARNING: Dynamic loading of agents will be disallowed by default in a future release
]]></system-err>
  </testcase>
</testsuite>