<?xml version="1.0" encoding="UTF-8"?>
<testsuite xmlns:xsi="http://www.w3.org/2001/XMLSchema-instance" xsi:noNamespaceSchemaLocation="https://maven.apache.org/surefire/maven-surefire-plugin/xsd/surefire-test-report.xsd" version="3.0.2" name="com.example.gateway.ApplicationTest" time="14.584" tests="1" errors="1" skipped="0" failures="0">
  <properties>
[...]
</properties>
  <testcase name="contextLoads" classname="com.example.gateway.ApplicationTest" time="5.884">
    <error message="Timeout on blocking read for 5000000000 NANOSECONDS" type="java.lang.IllegalStateException"><![CDATA[java.lang.IllegalStateException: Timeout on blocking read for 5000000000 NANOSECONDS
	at reactor.core.publisher.BlockingSingleSubscriber.blockingGet(BlockingSingleSubscriber.java:129)
	at reactor.core.publisher.Mono.block(Mono.java:1807)
	at org.springframework.test.web.reactive.server.DefaultWebTestClient$DefaultRequestBodyUriSpec.exchange(DefaultWebTestClient.java:369)
	at com.example.gateway.ApplicationTest.contextLoads(ApplicationTest.java:39)
	at java.base/java.lang.reflect.Method.invoke(Method.java:565)
	at java.base/java.util.ArrayList.forEach(ArrayList.java:1604)
	at java.base/java.util.ArrayList.forEach(ArrayList.java:1604)
Caused by: java.util.concurrent.TimeoutException: Timeout on blocking read for 5000000000 NANOSECONDS
	... 7 more
]]></error>
    <system-out><![CDATA[15:16:33.925 [main] INFO org.springframework.test.context.support.AnnotationConfigContextLoaderUtils -- Could not detect default configuration classes for test class [com.example.gateway.ApplicationTest]: ApplicationTest does not declare any static, non-private, non-final, nested classes annotated with @Configuration.
15:16:34.085 [main] INFO org.springframework.boot.test.context.SpringBootTestContextBootstrapper -- Found @SpringBootConfiguration com.example.gateway.Application for test class com.example.gateway.ApplicationTest

  .   ____          _            __ _ _
 /\\ / ___'_ __ _ _(_)_ __  __ _ \ \ \ \
( ( )\___ | '_ | '_| | '_ \/ _` | \ \ \ \
 \\/  ___)| |_)| | | | | || (_| |  ) ) ) )
  '  |____| .__|_| |_|_| |_\__, | / / / /
 =========|_|==============|___/=/_/_/_/

 :: Spring Boot ::                (v3.5.5)

2025-09-10T15:16:34.676+05:30  INFO 1753 --- [gateway] [           main] com.example.gateway.ApplicationTest      : Starting ApplicationTest using Java 24.0.2 with PID 1753 (started by rohit.chavan in /Users/rohit.chavan/java-learning/gateway)
2025-09-10T15:16:34.677+05:30  INFO 1753 --- [gateway] [           main] com.example.gateway.ApplicationTest      : No active profile set, falling back to 1 default profile: "default"
2025-09-10T15:16:35.792+05:30  INFO 1753 --- [gateway] [           main] o.s.cloud.context.scope.GenericScope     : BeanFactory id=3f5c0322-fdd8-36b1-b89c-2f6d6b030200
2025-09-10T15:16:42.067+05:30  INFO 1753 --- [gateway] [           main] o.s.c.g.r.RouteDefinitionRouteLocator    : Loaded RoutePredicateFactory [After]
2025-09-10T15:16:42.067+05:30  INFO 1753 --- [gateway] [           main] o.s.c.g.r.RouteDefinitionRouteLocator    : Loaded RoutePredicateFactory [Before]
2025-09-10T15:16:42.067+05:30  INFO 1753 --- [gateway] [           main] o.s.c.g.r.RouteDefinitionRouteLocator    : Loaded RoutePredicateFactory [Between]
2025-09-10T15:16:42.067+05:30  INFO 1753 --- [gateway] [           main] o.s.c.g.r.RouteDefinitionRouteLocator    : Loaded RoutePredicateFactory [Cookie]
2025-09-10T15:16:42.067+05:30  INFO 1753 --- [gateway] [           main] o.s.c.g.r.RouteDefinitionRouteLocator    : Loaded RoutePredicateFactory [Header]
2025-09-10T15:16:42.068+05:30  INFO 1753 --- [gateway] [           main] o.s.c.g.r.RouteDefinitionRouteLocator    : Loaded RoutePredicateFactory [Host]
2025-09-10T15:16:42.068+05:30  INFO 1753 --- [gateway] [           main] o.s.c.g.r.RouteDefinitionRouteLocator    : Loaded RoutePredicateFactory [Method]
2025-09-10T15:16:42.068+05:30  INFO 1753 --- [gateway] [           main] o.s.c.g.r.RouteDefinitionRouteLocator    : Loaded RoutePredicateFactory [Path]
2025-09-10T15:16:42.068+05:30  INFO 1753 --- [gateway] [           main] o.s.c.g.r.RouteDefinitionRouteLocator    : Loaded RoutePredicateFactory [Query]
2025-09-10T15:16:42.068+05:30  INFO 1753 --- [gateway] [           main] o.s.c.g.r.RouteDefinitionRouteLocator    : Loaded RoutePredicateFactory [ReadBody]
2025-09-10T15:16:42.068+05:30  INFO 1753 --- [gateway] [           main] o.s.c.g.r.RouteDefinitionRouteLocator    : Loaded RoutePredicateFactory [RemoteAddr]
2025-09-10T15:16:42.068+05:30  INFO 1753 --- [gateway] [           main] o.s.c.g.r.RouteDefinitionRouteLocator    : Loaded RoutePredicateFactory [XForwardedRemoteAddr]
2025-09-10T15:16:42.068+05:30  INFO 1753 --- [gateway] [           main] o.s.c.g.r.RouteDefinitionRouteLocator    : Loaded RoutePredicateFactory [Weight]
2025-09-10T15:16:42.068+05:30  INFO 1753 --- [gateway] [           main] o.s.c.g.r.RouteDefinitionRouteLocator    : Loaded RoutePredicateFactory [CloudFoundryRouteService]
2025-09-10T15:16:42.407+05:30  INFO 1753 --- [gateway] [           main] o.s.b.web.embedded.netty.NettyWebServer  : Netty started on port 57429 (http)
2025-09-10T15:16:42.433+05:30  INFO 1753 --- [gateway] [           main] com.example.gateway.ApplicationTest      : Started ApplicationTest in 8.027 seconds (process running for 9.304)
]]></system-out>
    <system-err><![CDATA[Mockito is currently self-attaching to enable the inline-mock-maker. This will no longer work in future releases of the JDK. Please add Mockito as an agent to your build as described in Mockito's documentation: https://javadoc.io/doc/org.mockito/mockito-core/latest/org.mockito/org/mockito/Mockito.html#0.3
WARNING: A Java agent has been loaded dynamically (/Users/rohit.chavan/.m2/repository/net/bytebuddy/byte-buddy-agent/1.17.7/byte-buddy-agent-1.17.7.jar)
WARNING: If a serviceability tool is in use, please run with -XX:+EnableDynamicAgentLoading to hide this warning
WARNING: If a serviceability tool is not in use, please run with -Djdk.instrument.traceUsage for more information
WARNING: Dynamic loading of agents will be disallowed by default in a future release
]]></system-err>
  </testcase>
</testsuite>